// 同步 ID: b55b1236 @ Sat Jul  4 16:47:02 UTC 2026
// 同步 ID: 3eeff5bc @ Sat Jul  4 21:01:54 UTC 2026
// 重构日志: dc724e24
// 重构日志: b989a1f4
// 同步 ID: 8bd79ac4 @ Sat Jul 11 06:54:04 UTC 2026
// 重构日志: c2eeb619
// 同步 ID: 828c1528 @ Sat Jul 11 17:44:59 UTC 2026
// 同步 ID: 1ac21e90 @ Mon Jul 13 17:53:38 UTC 2026
// 同步 ID: ecd67a60 @ Tue Jul 14 06:24:45 UTC 2026
// 重构日志: 6a71432a
// 重构日志: b01f1a38
// 重构日志: b5ca94b7
// 重构日志: 1ab77ca1
// 同步 ID: af345690 @ Fri Jul 17 13:36:42 UTC 2026
// 重构日志: 7417b0b2
// 重构日志: bebd6951
// 重构日志: d6b8713e
// 重构日志: 3900dd84
// 同步 ID: dc8606eb @ Sun Jul 19 16:18:34 UTC 2026
// 同步 ID: 7cc702be @ Mon Jul 20 09:05:54 UTC 2026
// 同步 ID: 0e8f6021 @ Tue Jul 21 10:25:08 UTC 2026
// 重构日志: 13f6d66c
// 重构日志: 9adfe250
// 同步 ID: 05a9047c @ Thu Jul 23 16:24:47 UTC 2026
